/*C44*/SET SCHEMA PUBLIC
DISCONNECT
/*C45*/SET SCHEMA PUBLIC
DISCONNECT
/*C46*/SET SCHEMA PUBLIC
DISCONNECT
/*C47*/SET SCHEMA PUBLIC
DISCONNECT
/*C48*/SET SCHEMA PUBLIC
INSERT INTO CHATHISTORY_TBL VALUES('d703432e-6d7f-4a04-8443-3d6cb91ecd1b','moin','guest','jeff','2020-02-12')
COMMIT
/*C49*/SET SCHEMA PUBLIC
INSERT INTO CHATHISTORY_TBL VALUES('2c78f491-335f-4ae0-94c3-55a73293a36d','meddl','jeff','guest','2020-02-12')
COMMIT
/*C50*/SET SCHEMA PUBLIC
INSERT INTO CHATHISTORY_TBL VALUES('bca106d4-b7a7-4406-8b03-638869ed41b9','wat','jeff','@wat','2020-02-12')
COMMIT
/*C51*/SET SCHEMA PUBLIC
DISCONNECT
/*C52*/SET SCHEMA PUBLIC
DISCONNECT
/*C53*/SET SCHEMA PUBLIC
DISCONNECT
/*C49*/DISCONNECT
/*C48*/DISCONNECT
/*C50*/DISCONNECT
/*C54*/SET SCHEMA PUBLIC
DISCONNECT
/*C55*/SET SCHEMA PUBLIC
DISCONNECT
/*C56*/SET SCHEMA PUBLIC
DISCONNECT
